{"sessionId": "4aa53b", "hypothesisId": "H3", "location": "orchestrator.py:run_parallel", "message": "entry_flags", "data": {"use_queue": false, "dry_run": true, "ticker": "AAPL"}, "timestamp": 1775022780876}
{"sessionId": "4aa53b", "hypothesisId": "IP", "location": "modules/ip.py:run", "message": "ip_exit", "data": {"ticker": "AAPL", "status": "error", "reason": "patent_client_import_failed"}, "timestamp": 1775022780885}
{"sessionId": "4aa53b", "hypothesisId": "SENT", "location": "modules/sentiment.py:run", "message": "sentiment_exit", "data": {"ticker": "AAPL", "status": "success", "sample_size": 2}, "timestamp": 1775022780906}
{"sessionId": "4aa53b", "hypothesisId": "FIN", "location": "modules/financial.py:run", "message": "financial_exit", "data": {"ticker": "AAPL", "status": "success", "has_headline": true, "has_revenue": true, "has_assets": true}, "timestamp": 1775022789996}
{"sessionId": "4aa53b", "hypothesisId": "H2", "location": "orchestrator.py:run_parallel", "message": "after_module_execution", "data": {"statuses_from_modules": [["financial", "success"], ["ip", "error"], ["sentiment", "success"]], "path": "in_process"}, "timestamp": 1775022789998}
{"sessionId": "4aa53b", "hypothesisId": "H4", "location": "orchestrator.py:write_spectre_json", "message": "statuses_before_json_dump", "data": {"modules": [["financial", "success"], ["ip", "error"], ["sentiment", "success"]]}, "timestamp": 1775022789998}
{"sessionId": "4aa53b", "hypothesisId": "FIN", "location": "modules/financial.py:run", "message": "financial_exit", "data": {"ticker": "TST", "status": "success", "has_headline": true, "has_revenue": true, "has_assets": true}, "timestamp": 1775022814649}
{"sessionId": "4aa53b", "hypothesisId": "FIN", "location": "modules/financial.py:run", "message": "financial_exit", "data": {"ticker": "AAPL", "status": "error", "reason": "no_edgar_id"}, "timestamp": 1775022814654}
{"sessionId": "4aa53b", "hypothesisId": "IP", "location": "modules/ip.py:run", "message": "ip_exit", "data": {"ticker": "MSFT", "status": "error", "reason": "patent_client_import_failed"}, "timestamp": 1775022814658}
{"sessionId": "4aa53b", "hypothesisId": "SENT", "location": "modules/sentiment.py:run", "message": "sentiment_exit", "data": {"ticker": "GOOG", "status": "success", "sample_size": 2}, "timestamp": 1775022814681}
{"sessionId": "4aa53b", "hypothesisId": "H3", "location": "orchestrator.py:run_parallel", "message": "entry_flags", "data": {"use_queue": true, "dry_run": false, "ticker": "AAPL"}, "timestamp": 1775022814720}
{"sessionId": "4aa53b", "hypothesisId": "H2", "location": "orchestrator.py:run_parallel", "message": "after_module_execution", "data": {"statuses_from_modules": [["financial", "success"], ["ip", "error"], ["sentiment", "error"]], "path": "arq_queue"}, "timestamp": 1775022814722}
{"sessionId": "4aa53b", "hypothesisId": "H4", "location": "orchestrator.py:write_spectre_json", "message": "statuses_before_json_dump", "data": {"modules": [["financial", "success"], ["ip", "error"], ["sentiment", "error"]]}, "timestamp": 1775022814723}
{"sessionId": "4aa53b", "hypothesisId": "H3", "location": "orchestrator.py:run_parallel", "message": "entry_flags", "data": {"use_queue": true, "dry_run": false, "ticker": "X"}, "timestamp": 1775022814737}
{"sessionId": "4aa53b", "hypothesisId": "H2", "location": "orchestrator.py:run_parallel", "message": "after_module_execution", "data": {"statuses_from_modules": [["financial", "success"], ["ip", "error"], ["sentiment", "success"]], "path": "arq_queue"}, "timestamp": 1775022814738}
{"sessionId": "4aa53b", "hypothesisId": "H4", "location": "orchestrator.py:write_spectre_json", "message": "statuses_before_json_dump", "data": {"modules": [["financial", "success"], ["ip", "error"], ["sentiment", "success"]]}, "timestamp": 1775022814739}
{"sessionId": "4aa53b", "hypothesisId": "H3", "location": "orchestrator.py:run_parallel", "message": "entry_flags", "data": {"use_queue": false, "dry_run": true, "ticker": "AAPL"}, "timestamp": 1775023017660}
{"sessionId": "4aa53b", "hypothesisId": "IP", "location": "modules/ip.py:run", "message": "ip_exit", "data": {"ticker": "AAPL", "status": "error", "reason": "patent_client_import_failed"}, "timestamp": 1775023017681}
{"sessionId": "4aa53b", "hypothesisId": "SENT", "location": "modules/sentiment.py:run", "message": "sentiment_exit", "data": {"ticker": "AAPL", "status": "success", "sample_size": 2}, "timestamp": 1775023017700}
{"sessionId": "4aa53b", "hypothesisId": "FIN", "location": "modules/financial.py:run", "message": "financial_exit", "data": {"ticker": "AAPL", "status": "success", "has_headline": true, "has_revenue": true, "has_assets": true}, "timestamp": 1775023023997}
{"sessionId": "4aa53b", "hypothesisId": "H2", "location": "orchestrator.py:run_parallel", "message": "after_module_execution", "data": {"statuses_from_modules": [["financial", "success"], ["ip", "error"], ["sentiment", "success"]], "path": "in_process"}, "timestamp": 1775023024000}
{"sessionId": "4aa53b", "hypothesisId": "H4", "location": "orchestrator.py:write_spectre_json", "message": "statuses_before_json_dump", "data": {"modules": [["financial", "success"], ["ip", "error"], ["sentiment", "success"]]}, "timestamp": 1775023024000}
{"sessionId": "4aa53b", "hypothesisId": "IP", "location": "modules/ip.py:run", "message": "ip_exit", "data": {"ticker": "MSFT", "status": "error", "reason": "patent_client_import_failed"}, "timestamp": 1775319523581}
{"sessionId": "4aa53b", "hypothesisId": "SENT", "location": "modules/sentiment.py:run", "message": "sentiment_exit", "data": {"ticker": "GOOG", "status": "success", "sample_size": 2}, "timestamp": 1775319523766}
{"sessionId": "4aa53b", "hypothesisId": "H3", "location": "orchestrator.py:run_parallel", "message": "entry_flags", "data": {"use_queue": true, "dry_run": false, "ticker": "AAPL"}, "timestamp": 1775319523809}
{"sessionId": "4aa53b", "hypothesisId": "H3", "location": "orchestrator.py:run_parallel", "message": "entry_flags", "data": {"use_queue": true, "dry_run": false, "ticker": "X"}, "timestamp": 1775319525543}
{"sessionId": "4aa53b", "hypothesisId": "IP", "location": "modules/ip.py:run", "message": "ip_exit", "data": {"ticker": "MSFT", "status": "error", "reason": "patent_client_import_failed"}, "timestamp": 1775319575295}
{"sessionId": "4aa53b", "hypothesisId": "SENT", "location": "modules/sentiment.py:run", "message": "sentiment_exit", "data": {"ticker": "GOOG", "status": "success", "sample_size": 2}, "timestamp": 1775319575372}
{"sessionId": "4aa53b", "hypothesisId": "H3", "location": "orchestrator.py:run_parallel", "message": "entry_flags", "data": {"use_queue": true, "dry_run": false, "ticker": "AAPL"}, "timestamp": 1775319575420}
{"sessionId": "4aa53b", "hypothesisId": "H2", "location": "orchestrator.py:run_parallel", "message": "after_module_execution", "data": {"statuses_from_modules": [["financial", "success"], ["ip", "error"], ["sentiment", "error"], ["porters", "error"], ["vrio", "error"], ["pestel", "error"]], "path": "arq_queue"}, "timestamp": 1775319575423}
{"sessionId": "4aa53b", "hypothesisId": "H4", "location": "orchestrator.py:write_spectre_json", "message": "statuses_before_json_dump", "data": {"modules": [["financial", "success"], ["ip", "error"], ["sentiment", "error"], ["porters", "error"], ["vrio", "error"], ["pestel", "error"]]}, "timestamp": 1775319575424}
{"sessionId": "4aa53b", "hypothesisId": "H3", "location": "orchestrator.py:run_parallel", "message": "entry_flags", "data": {"use_queue": true, "dry_run": false, "ticker": "X"}, "timestamp": 1775319575440}
{"sessionId": "4aa53b", "hypothesisId": "H2", "location": "orchestrator.py:run_parallel", "message": "after_module_execution", "data": {"statuses_from_modules": [["financial", "success"], ["ip", "error"], ["sentiment", "success"], ["porters", "error"], ["vrio", "error"], ["pestel", "error"]], "path": "arq_queue"}, "timestamp": 1775319575442}
{"sessionId": "4aa53b", "hypothesisId": "H4", "location": "orchestrator.py:write_spectre_json", "message": "statuses_before_json_dump", "data": {"modules": [["financial", "success"], ["ip", "error"], ["sentiment", "success"], ["porters", "error"], ["vrio", "error"], ["pestel", "error"]]}, "timestamp": 1775319575442}
{"sessionId": "4aa53b", "hypothesisId": "IP", "location": "modules/ip.py:run", "message": "ip_exit", "data": {"ticker": "MSFT", "status": "error", "reason": "patent_client_import_failed"}, "timestamp": 1775319626900}
{"sessionId": "4aa53b", "hypothesisId": "SENT", "location": "modules/sentiment.py:run", "message": "sentiment_exit", "data": {"ticker": "GOOG", "status": "success", "sample_size": 2}, "timestamp": 1775319627056}
{"sessionId": "4aa53b", "hypothesisId": "H3", "location": "orchestrator.py:run_parallel", "message": "entry_flags", "data": {"use_queue": true, "dry_run": false, "ticker": "AAPL"}, "timestamp": 1775319627090}
{"sessionId": "4aa53b", "hypothesisId": "H2", "location": "orchestrator.py:run_parallel", "message": "after_module_execution", "data": {"statuses_from_modules": [["financial", "success"], ["ip", "error"], ["sentiment", "error"], ["porters", "error"], ["vrio", "error"], ["pestel", "error"]], "path": "arq_queue"}, "timestamp": 1775319627094}
{"sessionId": "4aa53b", "hypothesisId": "H4", "location": "orchestrator.py:write_spectre_json", "message": "statuses_before_json_dump", "data": {"modules": [["financial", "success"], ["ip", "error"], ["sentiment", "error"], ["porters", "error"], ["vrio", "error"], ["pestel", "error"]]}, "timestamp": 1775319627096}
{"sessionId": "4aa53b", "hypothesisId": "H3", "location": "orchestrator.py:run_parallel", "message": "entry_flags", "data": {"use_queue": true, "dry_run": false, "ticker": "X"}, "timestamp": 1775319627131}
{"sessionId": "4aa53b", "hypothesisId": "H2", "location": "orchestrator.py:run_parallel", "message": "after_module_execution", "data": {"statuses_from_modules": [["financial", "success"], ["ip", "error"], ["sentiment", "success"], ["porters", "error"], ["vrio", "error"], ["pestel", "error"]], "path": "arq_queue"}, "timestamp": 1775319627137}
{"sessionId": "4aa53b", "hypothesisId": "H4", "location": "orchestrator.py:write_spectre_json", "message": "statuses_before_json_dump", "data": {"modules": [["financial", "success"], ["ip", "error"], ["sentiment", "success"], ["porters", "error"], ["vrio", "error"], ["pestel", "error"]]}, "timestamp": 1775319627139}
{"sessionId": "4aa53b", "hypothesisId": "H3", "location": "orchestrator.py:run_parallel", "message": "entry_flags", "data": {"use_queue": false, "dry_run": false, "ticker": "AAPL"}, "timestamp": 1775319856599}
{"sessionId": "4aa53b", "hypothesisId": "IP", "location": "modules/ip.py:run", "message": "ip_exit", "data": {"ticker": "AAPL", "status": "error", "reason": "patent_client_import_failed"}, "timestamp": 1775319856614}
{"sessionId": "4aa53b", "hypothesisId": "SENT", "location": "modules/sentiment.py:run", "message": "sentiment_exit", "data": {"ticker": "AAPL", "status": "success", "sample_size": 2}, "timestamp": 1775319856636}
{"sessionId": "4aa53b", "hypothesisId": "H2", "location": "orchestrator.py:run_parallel", "message": "after_module_execution", "data": {"statuses_from_modules": [["financial", "success"], ["ip", "error"], ["sentiment", "success"], ["porters", "success"], ["vrio", "success"], ["pestel", "success"]], "path": "in_process"}, "timestamp": 1775319914915}
{"sessionId": "4aa53b", "hypothesisId": "H4", "location": "orchestrator.py:write_spectre_json", "message": "statuses_before_json_dump", "data": {"modules": [["financial", "success"], ["ip", "error"], ["sentiment", "success"], ["porters", "success"], ["vrio", "success"], ["pestel", "success"]]}, "timestamp": 1775319914916}
